Xilinx Platform Studio (XPS)
Xilinx EDK 14.2 Build EDK_P.28xd
Copyright (c) 1995-2012 Xilinx, Inc.  All rights reserved.


********************************************************************************
At Local date and time: Tue Dec 15 18:34:44 2015
 make -f system.make exporttosdk started...
make: Nothing to be done for `exporttosdk'.
Done!

********************************************************************************
At Local date and time: Tue Dec 15 18:34:45 2015
 xsdk.exe -hwspec F:\xps\Othello-28\lab_gobang_2\SDK\SDK_Export\hw\system.xml started...
Xilinx Software Development Kit
Xilinx EDK 14.2 Build EDK_P.28xd
Copyright (c) 1995-2012 Xilinx, Inc.  All rights reserved.
Done!
Writing filter settings....
Done writing filter settings to:
	F:\xps\Othello-28\lab_gobang_2\etc\system.filters
Done writing Tab View settings to:
	F:\xps\Othello-28\lab_gobang_2\etc\system.gui
